Processing input data...

Data from clang-10.0.0

Self-duration breakdown by activity type:
- OptModule (33643761 µs, 22.41 %)
- OptFunction (22870719 µs, 15.24 %)
- RunPass (20990200 µs, 13.98 %)
- InstantiateClass (19886968 µs, 13.25 %)
- InstantiateFunction (15914219 µs, 10.60 %)
- DebugType (11221532 µs, 7.48 %)
- Frontend (9268257 µs, 6.17 %)
- CodeGen Function (7951044 µs, 5.30 %)
- Source (2579953 µs, 1.72 %)
- PerFunctionPasses (1838618 µs, 1.22 %)
- ParseClass (1730137 µs, 1.15 %)
- RunLoopPass (1525658 µs, 1.02 %)
- ParseTemplate (458778 µs, 0.31 %)
- PerformPendingInstantiations (76309 µs, 0.05 %)
- ExecuteCompiler (71998 µs, 0.05 %)
- CodeGenPasses (66595 µs, 0.04 %)
- Backend (17285 µs, 0.01 %)
- DebugFunction (1905 µs, 0.00 %)
- DebugGlobalVariable (1231 µs, 0.00 %)
- PerModulePasses (23 µs, 0.00 %)

Hottest activities by self-duration:
- OptModule(/mnt/acts/Tests/UnitTests/Core/TrackFinder/CombinatorialKalmanFilterTests.cpp) [29.87s, 19.90%]
- Frontend [9.21s, 6.13%]
- OptModule(/mnt/acts/Tests/UnitTests/Core/TrackFinder/CombinatorialKalmanFilterTests.cpp) [3.77s, 2.51%]
- PerFunctionPasses [1.84s, 1.22%]
- ... and 102592 other activities below 0.5% ...

Hierarchical profile:
ExecuteCompiler [2:30.12, 100.00%]
├─Backend [1:20.95, 53.93%]
│ ├─PerModulePasses [56.05s, 37.34%]
│ │ └─OptModule(/mnt/acts/Tests/UnitTests/Core/TrackFinder/CombinatorialKalmanFilterTests.cpp) [56.05s, 37.34%]
│ │   └─…13301 callee(s) below 0.5%…
│ ├─CodeGenPasses [22.96s, 15.30%]
│ │ └─OptModule(/mnt/acts/Tests/UnitTests/Core/TrackFinder/CombinatorialKalmanFilterTests.cpp) [22.90s, 15.25%]
│ │   └─…2522 callee(s) below 0.5%…
│ └─PerFunctionPasses [1.92s, 1.28%]
│   └─…82 callee(s) below 0.5%…
├─Frontend [43.35s, 28.88%]
│ ├─PerformPendingInstantiations [31.99s, 21.31%]
│ │ ├─InstantiateFunction(…::findTracks<…>) [15.65s, 10.43%]
│ │ │ ├─InstantiateFunction(Acts::Propagator<…>::propagate<…::SingleCurvilinearTrackParameters<…>, …::PropagatorOptions<…>, …::PathLimitReached>) [15.37s, 10.24%]
│ │ │ │ ├─InstantiateFunction(Acts::Propagator<…>::propagate_impl<…::PropagatorResult<…>, …::State<…>>) [15.00s, 10.00%]
│ │ │ │ │ ├─InstantiateFunction(Acts::ActionList<…>::operator()<…::State<…>, …::EigenStepper<…>, …::PropagatorResult<…>>) [14.68s, 9.78%]
│ │ │ │ │ │ ├─InstantiateFunction(Acts::detail::action_list_impl<…>::action<…::tuple<…>, …::PropagatorResult<…>, …::State<…>, …::EigenStepper<…>>) [14.68s, 9.78%]
│ │ │ │ │ │ │ └─InstantiateFunction(Acts::detail::(anonymous namespace)::action_caller<…>::action<…::Actor<…>, …::PropagatorResult<…>, …::State<…>, …::EigenStepper<…>>) [14.68s, 9.78%]
│ │ │ │ │ │ │   └─InstantiateFunction(Acts::CombinatorialKalmanFilter<…>::Actor<…>::operator()<…::State<…>, …::EigenStepper<…>>) [14.68s, 9.78%]
│ │ │ │ │ │ │     ├─InstantiateFunction(Acts::CombinatorialKalmanFilter<…>::Actor<…>::filter<…::State<…>, …::EigenStepper<…>>) [13.01s, 8.66%]
│ │ │ │ │ │ │     │ ├─InstantiateFunction(Acts::CombinatorialKalmanFilter<…>::Actor<…>::addSourcelinkState) [7.58s, 5.05%]
│ │ │ │ │ │ │     │ │ ├─InstantiateFunction(Acts::GainMatrixUpdater<…>::operator()<…::TrackStateProxy<…>>) [6.32s, 4.21%]
│ │ │ │ │ │ │     │ │ │ ├─InstantiateFunction(…::template_switch<…>) [5.46s, 3.63%]
│ │ │ │ │ │ │     │ │ │ │ ├─InstantiateFunction(…::template_switch<…>) [4.56s, 3.04%]
│ │ │ │ │ │ │     │ │ │ │ │ ├─InstantiateFunction(…::template_switch<…>) [3.54s, 2.36%]
│ │ │ │ │ │ │     │ │ │ │ │ │ ├─InstantiateFunction(…::template_switch<…>) [2.66s, 1.77%]
│ │ │ │ │ │ │     │ │ │ │ │ │ │ ├─InstantiateFunction(…::template_switch<…>) [1.02s, 0.68%]
│ │ │ │ │ │ │     │ │ │ │ │ │ │ │ └─…30 callee(s) below 0.5%…
│ │ │ │ │ │ │     │ │ │ │ │ │ │ ├─InstantiateFunction(Eigen::Matrix<double, 6, 5, 0, 6, 5>::Matrix<Eigen::Product<…::Product<…>, …::Inverse<…>, 0>>) [751.13ms, 0.50%]
│ │ │ │ │ │ │     │ │ │ │ │ │ │ │ └─InstantiateFunction(Eigen::PlainObjectBase<…::Matrix<…>>::PlainObjectBase<Eigen::Product<…::Product<…>, …::Inverse<…>, 0>>) [750.84ms, 0.50%]
│ │ │ │ │ │ │     │ │ │ │ │ │ │ │   └─…3 callee(s) below 0.5%…
│ │ │ │ │ │ │     │ │ │ │ │ │ │ └─…33 callee(s) below 0.5%…
│ │ │ │ │ │ │     │ │ │ │ │ │ └─…34 callee(s) below 0.5%…
│ │ │ │ │ │ │     │ │ │ │ │ └─…34 callee(s) below 0.5%…
│ │ │ │ │ │ │     │ │ │ │ └─…34 callee(s) below 0.5%…
│ │ │ │ │ │ │     │ │ │ └─…50 callee(s) below 0.5%…
│ │ │ │ │ │ │     │ │ └─…77 callee(s) below 0.5%…
│ │ │ │ │ │ │     │ ├─InstantiateFunction(Acts::CKFSourceLinkSelector::operator()<…::VoidMeasurementCalibrator, …::ExtendedMinimalSourceLink>) [5.30s, 3.53%]
│ │ │ │ │ │ │     │ │ ├─InstantiateFunction(std::visit<(lambda at /mnt/acts/Core/include/Acts/TrackFinder/CKFSourceLinkSelector.hpp:155:11), …::variant<…>>) [1.16s, 0.78%]
│ │ │ │ │ │ │     │ │ │ └─InstantiateFunction(std::__do_visit<false, true, (lambda at /mnt/acts/Core/include/Acts/TrackFinder/CKFSourceLinkSelector.hpp:155:11), …::variant<…>>) [1.16s, 0.78%]
│ │ │ │ │ │ │     │ │ │   ├─InstantiateFunction(std::__detail::__variant::__gen_vtable_impl<true, …::_Multi_array<…>, …::tuple<…>, …::integer_sequence<…>>::_S_apply) [1.03s, 0.69%]
│ │ │ │ │ │ │     │ │ │   │ └─InstantiateFunction(…::_S_apply_all_alts<…>) [1.03s, 0.69%]
│ │ │ │ │ │ │     │ │ │   │   └─…63 callee(s) below 0.5%…
│ │ │ │ │ │ │     │ │ │   └─…3 callee(s) below 0.5%…
│ │ │ │ │ │ │     │ │ ├─InstantiateFunction(Eigen::DenseBase<Eigen::Product<Eigen::Product<…::Transpose<…>, …::Inverse<…>, 0>, Eigen::Matrix<double, 6, 1, 0, 6, 1>, 0>>::eval) [951.47ms, 0.63%]
│ │ │ │ │ │ │     │ │ │ └─InstantiateFunction(Eigen::Matrix<double, 1, 1, 0, 1, 1>::Matrix<Eigen::Product<…::Product<…>, …::Matrix<…>, 0>>) [951.22ms, 0.63%]
│ │ │ │ │ │ │     │ │ │   └─InstantiateFunction(Eigen::PlainObjectBase<…>::_init1<…::Product<…>, …::Product<…>>) [949.41ms, 0.63%]
│ │ │ │ │ │ │     │ │ │     └─InstantiateFunction(Eigen::PlainObjectBase<…::Matrix<…>>::_set_noalias<Eigen::Product<…::Product<…>, …::Matrix<…>, 0>>) [949.31ms, 0.63%]
│ │ │ │ │ │ │     │ │ │       └─InstantiateFunction(Eigen::internal::call_assignment_no_alias<…::Matrix<…>, …::Product<…>, …::assign_op<…>>) [949.13ms, 0.63%]
│ │ │ │ │ │ │     │ │ │         └─InstantiateFunction(Eigen::internal::Assignment<…::Matrix<…>, …::Product<…>, …::assign_op<…>, …::Dense2Dense, void>::run) [947.96ms, 0.63%]
│ │ │ │ │ │ │     │ │ │           └─InstantiateFunction(Eigen::internal::generic_product_impl<…>::evalTo<…::Matrix<…>>) [946.69ms, 0.63%]
│ │ │ │ │ │ │     │ │ │             ├─InstantiateFunction(Eigen::DenseBase<Eigen::CwiseBinaryOp<…::scalar_product_op<…>, const …::Transpose<…>, const …::Matrix<…>>>::sum) [918.11ms, 0.61%]
│ │ │ │ │ │ │     │ │ │             │ ├─InstantiateFunction(Eigen::DenseBase<…::CwiseBinaryOp<…>>::redux<Eigen::internal::scalar_sum_op<double, double>>) [916.60ms, 0.61%]
│ │ │ │ │ │ │     │ │ │             │ │ ├─InstantiateFunction(Eigen::internal::redux_evaluator<…::CwiseBinaryOp<…>>::redux_evaluator) [906.52ms, 0.60%]
│ │ │ │ │ │ │     │ │ │             │ │ │ └─InstantiateFunction(Eigen::internal::evaluator<…::CwiseBinaryOp<…>>::evaluator) [906.42ms, 0.60%]
│ │ │ │ │ │ │     │ │ │             │ │ │   └─InstantiateFunction(Eigen::internal::binary_evaluator<…>::binary_evaluator) [906.34ms, 0.60%]
│ │ │ │ │ │ │     │ │ │             │ │ │     └─InstantiateFunction(Eigen::internal::evaluator<const Eigen::Transpose<const …::Product<…>>>::evaluator) [905.62ms, 0.60%]
│ │ │ │ │ │ │     │ │ │             │ │ │       └─InstantiateFunction(Eigen::internal::evaluator<Eigen::Transpose<const …::Product<…>>>::evaluator) [905.54ms, 0.60%]
│ │ │ │ │ │ │     │ │ │             │ │ │         └─InstantiateFunction(Eigen::internal::unary_evaluator<…::Transpose<…>, …::IndexBased, double>::unary_evaluator) [905.47ms, 0.60%]
│ │ │ │ │ │ │     │ │ │             │ │ │           └─InstantiateFunction(Eigen::internal::evaluator<const Eigen::Product<…::Transpose<…>, …::Inverse<…>, 0>>::evaluator) [905.28ms, 0.60%]
│ │ │ │ │ │ │     │ │ │             │ │ │             └─InstantiateFunction(Eigen::internal::evaluator<Eigen::Product<…::Transpose<…>, …::Inverse<…>, 0>>::evaluator) [905.21ms, 0.60%]
│ │ │ │ │ │ │     │ │ │             │ │ │               └─InstantiateFunction(Eigen::internal::product_evaluator<…>::product_evaluator) [905.13ms, 0.60%]
│ │ │ │ │ │ │     │ │ │             │ │ │                 └─InstantiateFunction(Eigen::internal::generic_product_impl<…>::evalTo<…::Matrix<…>>) [904.66ms, 0.60%]
│ │ │ │ │ │ │     │ │ │             │ │ │                   ├─InstantiateFunction(Eigen::internal::call_assignment_no_alias<…::Matrix<…>, …::Product<…>, …::assign_op<…>>) [889.27ms, 0.59%]
│ │ │ │ │ │ │     │ │ │             │ │ │                   │ └─InstantiateFunction(Eigen::internal::Assignment<…>::run) [888.42ms, 0.59%]
│ │ │ │ │ │ │     │ │ │             │ │ │                   │   └─InstantiateFunction(Eigen::internal::call_dense_assignment_loop<…::Matrix<…>, …::Product<…>, …::assign_op<…>>) [888.31ms, 0.59%]
│ │ │ │ │ │ │     │ │ │             │ │ │                   │     ├─InstantiateFunction(Eigen::internal::evaluator<Eigen::Product<…::Transpose<…>, …::Inverse<…>, 1>>::evaluator) [811.23ms, 0.54%]
│ │ │ │ │ │ │     │ │ │             │ │ │                   │     │ └─InstantiateFunction(Eigen::internal::product_evaluator<…>::product_evaluator) [811.14ms, 0.54%]
│ │ │ │ │ │ │     │ │ │             │ │ │                   │     │   └─InstantiateFunction(Eigen::Matrix<double, 6, 6, 0, 6, 6>::Matrix<Eigen::Inverse<…::CwiseBinaryOp<…>>>) [809.83ms, 0.54%]
│ │ │ │ │ │ │     │ │ │             │ │ │                   │     │     └─InstantiateFunction(Eigen::PlainObjectBase<…>::_init1<…::Inverse<…>, …::Inverse<…>>) [808.57ms, 0.54%]
│ │ │ │ │ │ │     │ │ │             │ │ │                   │     │       └─InstantiateFunction(Eigen::PlainObjectBase<…>::_set_noalias<…::Inverse<…>>) [808.48ms, 0.54%]
│ │ │ │ │ │ │     │ │ │             │ │ │                   │     │         └─InstantiateFunction(…::call_assignment_no_alias<…>) [808.32ms, 0.54%]
│ │ │ │ │ │ │     │ │ │             │ │ │                   │     │           └─InstantiateFunction(Eigen::internal::Assignment<…>::run) [807.81ms, 0.54%]
│ │ │ │ │ │ │     │ │ │             │ │ │                   │     │             └─…3 callee(s) below 0.5%…
│ │ │ │ │ │ │     │ │ │             │ │ │                   │     └─…3 callee(s) below 0.5%…
│ │ │ │ │ │ │     │ │ │             │ │ │                   └─…2 callee(s) below 0.5%…
│ │ │ │ │ │ │     │ │ │             │ │ └─…3 callee(s) below 0.5%…
│ │ │ │ │ │ │     │ │ │             │ └─…1 callee(s) below 0.5%…
│ │ │ │ │ │ │     │ │ │             └─…3 callee(s) below 0.5%…
│ │ │ │ │ │ │     │ │ └─…175 callee(s) below 0.5%…
│ │ │ │ │ │ │     │ └─…23 callee(s) below 0.5%…
│ │ │ │ │ │ │     ├─InstantiateFunction(Acts::CombinatorialKalmanFilter<…>::Actor<…>::finalize<…::State<…>, …::EigenStepper<…>>) [1.55s, 1.03%]
│ │ │ │ │ │ │     │ ├─InstantiateFunction(Acts::GainMatrixSmoother<Acts::SingleBoundTrackParameters<…::ChargedPolicy>>::operator()<Acts::Test::ExtendedMinimalSourceLink>) [1.52s, 1.01%]
│ │ │ │ │ │ │     │ │ ├─InstantiateFunction(Acts::MultiTrajectory<…>::applyBackwards<(lambda at /mnt/acts/Core/include/Acts/Fitter/GainMatrixSmoother.hpp:68:53)>) [1.36s, 0.91%]
│ │ │ │ │ │ │     │ │ │ ├─InstantiateFunction(Acts::detail::covariance_helper<…::Matrix<…>, 1>::validate) [1.12s, 0.74%]
│ │ │ │ │ │ │     │ │ │ │ ├─InstantiateFunction(Acts::detail::covariance_helper<…::Matrix<…>, 1>::isSemiPositive) [781.71ms, 0.52%]
│ │ │ │ │ │ │     │ │ │ │ │ ├─InstantiateFunction(Eigen::LDLT<…::Matrix<…>, 1>::LDLT<Eigen::Matrix<double, 6, 6, 0, 6, 6>>) [768.05ms, 0.51%]
│ │ │ │ │ │ │     │ │ │ │ │ │ ├─InstantiateFunction(Eigen::LDLT<…::Matrix<…>, 1>::compute<Eigen::Matrix<double, 6, 6, 0, 6, 6>>) [766.20ms, 0.51%]
│ │ │ │ │ │ │     │ │ │ │ │ │ │ └─…10 callee(s) below 0.5%…
│ │ │ │ │ │ │     │ │ │ │ │ │ └─…1 callee(s) below 0.5%…
│ │ │ │ │ │ │     │ │ │ │ │ └─…3 callee(s) below 0.5%…
│ │ │ │ │ │ │     │ │ │ │ └─…12 callee(s) below 0.5%…
│ │ │ │ │ │ │     │ │ │ └─…19 callee(s) below 0.5%…
│ │ │ │ │ │ │     │ │ └─…21 callee(s) below 0.5%…
│ │ │ │ │ │ │     │ └─…7 callee(s) below 0.5%…
│ │ │ │ │ │ │     └─…22 callee(s) below 0.5%…
│ │ │ │ │ │ └─…1 callee(s) below 0.5%…
│ │ │ │ │ └─…21 callee(s) below 0.5%…
│ │ │ │ └─…12 callee(s) below 0.5%…
│ │ │ └─…32 callee(s) below 0.5%…
│ │ ├─InstantiateFunction(Eigen::Hyperplane<…>::Through) [4.32s, 2.88%]
│ │ │ ├─InstantiateFunction(Eigen::JacobiSVD<…::Matrix<…>, 2>::JacobiSVD) [4.08s, 2.72%]
│ │ │ │ ├─InstantiateFunction(Eigen::JacobiSVD<…::Matrix<…>, 2>::compute) [4.06s, 2.71%]
│ │ │ │ │ ├─InstantiateFunction(Eigen::internal::qr_preconditioner_impl<…::Matrix<…>, 2, 0, true>::run) [3.78s, 2.52%]
│ │ │ │ │ │ ├─InstantiateFunction(Eigen::HouseholderSequence<…>::applyThisOnTheLeft<…::Matrix<…>, …::Matrix<…>>) [2.15s, 1.43%]
│ │ │ │ │ │ │ ├─InstantiateFunction(Eigen::internal::apply_block_householder_on_the_left<…::Block<…>, …::Block<…>, …::VectorBlock<…>>) [1.75s, 1.17%]
│ │ │ │ │ │ │ │ ├─InstantiateFunction(Eigen::internal::make_block_householder_triangular_factor<…::Matrix<…>, …::Block<…>, …::VectorBlock<…>>) [869.19ms, 0.58%]
│ │ │ │ │ │ │ │ │ └─…30 callee(s) below 0.5%…
│ │ │ │ │ │ │ │ └─…25 callee(s) below 0.5%…
│ │ │ │ │ │ │ └─…6 callee(s) below 0.5%…
│ │ │ │ │ │ ├─InstantiateFunction(Eigen::HouseholderSequence<…::Matrix<…>, …::Matrix<…>, 1>::evalTo<Eigen::Matrix<double, 3, 3, 0, 3, 3>, Eigen::Matrix<double, 1, 3, 1, 1, 3>>) [815.18ms, 0.54%]
│ │ │ │ │ │ │ └─…15 callee(s) below 0.5%…
│ │ │ │ │ │ └─…13 callee(s) below 0.5%…
│ │ │ │ │ └─…34 callee(s) below 0.5%…
│ │ │ │ └─…3 callee(s) below 0.5%…
│ │ │ └─…14 callee(s) below 0.5%…
│ │ ├─InstantiateFunction(Acts::Propagator<…>::propagate<…::SingleCurvilinearTrackParameters<…>, …::PropagatorOptions<…>, …::PathLimitReached>) [3.42s, 2.28%]
│ │ │ ├─InstantiateFunction(Acts::Propagator<…>::propagate_impl<…::PropagatorResult<…>, …::State<…>>) [2.99s, 1.99%]
│ │ │ │ ├─InstantiateFunction(Acts::ActionList<…>::operator()<…::State<…>, …::StraightLineStepper, …::PropagatorResult<…>>) [1.96s, 1.31%]
│ │ │ │ │ ├─InstantiateFunction(Acts::detail::action_list_impl<…>::action<…::tuple<…>, …::PropagatorResult<…>, …::State<…>, …::StraightLineStepper>) [1.96s, 1.30%]
│ │ │ │ │ │ ├─InstantiateFunction(Acts::detail::(anonymous namespace)::action_caller<…>::action<…::MeasurementCreator, …::PropagatorResult<…>, …::State<…>, …::StraightLineStepper>) [1.95s, 1.30%]
│ │ │ │ │ │ │ └─InstantiateFunction(Acts::Test::MeasurementCreator::operator()<Acts::Propagator<…>::State<…::PropagatorOptions<…>>, Acts::StraightLineStepper>) [1.95s, 1.30%]
│ │ │ │ │ │ │   ├─InstantiateFunction(std::vector<…::variant<…>, …::allocator<…>>::push_back) [1.94s, 1.29%]
│ │ │ │ │ │ │   │ └─InstantiateFunction(std::vector<…>::emplace_back<…::variant<…>>) [1.94s, 1.29%]
│ │ │ │ │ │ │   │   ├─InstantiateFunction(std::allocator_traits<…>::construct<…::variant<…>, …::variant<…>>) [1.36s, 0.90%]
│ │ │ │ │ │ │   │   │ └─InstantiateFunction(__gnu_cxx::new_allocator<…>::construct<…::variant<…>, …::variant<…>>) [1.36s, 0.90%]
│ │ │ │ │ │ │   │   │   └─InstantiateFunction(std::__detail::__variant::_Move_ctor_base<…>::_Move_ctor_base) [1.36s, 0.90%]
│ │ │ │ │ │ │   │   │     ├─InstantiateFunction(…::__variant_construct<…>) [1.34s, 0.90%]
│ │ │ │ │ │ │   │   │     │ ├─InstantiateFunction(std::__do_visit<false, true, (lambda at /usr/include/c++/9/variant:476:18), …::variant<…>>) [1.33s, 0.89%]
│ │ │ │ │ │ │   │   │     │ │ ├─InstantiateFunction(std::__detail::__variant::__gen_vtable_impl<true, …::_Multi_array<…>, …::tuple<…>, …::integer_sequence<…>>::_S_apply) [1.33s, 0.88%]
│ │ │ │ │ │ │   │   │     │ │ │ └─InstantiateFunction(…::_S_apply_all_alts<…>) [1.33s, 0.88%]
│ │ │ │ │ │ │   │   │     │ │ │   └─…63 callee(s) below 0.5%…
│ │ │ │ │ │ │   │   │     │ │ └─…3 callee(s) below 0.5%…
│ │ │ │ │ │ │   │   │     │ └─…1 callee(s) below 0.5%…
│ │ │ │ │ │ │   │   │     └─…1 callee(s) below 0.5%…
│ │ │ │ │ │ │   │   └─…3 callee(s) below 0.5%…
│ │ │ │ │ │ │   └─…5 callee(s) below 0.5%…
│ │ │ │ │ │ └─…1 callee(s) below 0.5%…
│ │ │ │ │ └─…2 callee(s) below 0.5%…
│ │ │ │ └─…26 callee(s) below 0.5%…
│ │ │ └─…25 callee(s) below 0.5%…
│ │ ├─InstantiateFunction(std::__detail::__variant::_Variant_storage<…>::~_Variant_storage) [1.45s, 0.96%]
│ │ │ └─InstantiateFunction(std::__detail::__variant::_Variant_storage<…>::_M_reset) [1.45s, 0.96%]
│ │ │   └─InstantiateFunction(std::__detail::__variant::_Variant_storage<…>::_M_reset_impl) [1.44s, 0.96%]
│ │ │     ├─InstantiateFunction(std::__do_visit<false, true, (lambda at /usr/include/c++/9/variant:385:13), …::variant<…> …>) [1.44s, 0.96%]
│ │ │     │ ├─InstantiateFunction(std::__detail::__variant::__gen_vtable_impl<true, …::_Multi_array<…>, …::tuple<…>, …::integer_sequence<…>>::_S_apply) [1.43s, 0.95%]
│ │ │     │ │ └─InstantiateFunction(…::_S_apply_all_alts<…>) [1.43s, 0.95%]
│ │ │     │ │   └─…63 callee(s) below 0.5%…
│ │ │     │ └─…3 callee(s) below 0.5%…
│ │ │     └─…1 callee(s) below 0.5%…
│ │ ├─InstantiateFunction(Acts::MeasurementHelpers::getSurface<…::variant<…>>) [1.37s, 0.91%]
│ │ │ └─InstantiateFunction(std::visit<(lambda at /mnt/acts/Core/include/Acts/EventData/MeasurementHelpers.hpp:26:21), const …::variant<…> …>) [1.36s, 0.91%]
│ │ │   ├─InstantiateFunction(std::__do_visit<false, true, (lambda at /mnt/acts/Core/include/Acts/EventData/MeasurementHelpers.hpp:26:21), const …::variant<…> …>) [1.35s, 0.90%]
│ │ │   │ ├─InstantiateFunction(std::__detail::__variant::__gen_vtable_impl<true, …::_Multi_array<…>, …::tuple<…>, …::integer_sequence<…>>::_S_apply) [1.34s, 0.89%]
│ │ │   │ │ └─InstantiateFunction(…::_S_apply_all_alts<…>) [1.34s, 0.89%]
│ │ │   │ │   └─…63 callee(s) below 0.5%…
│ │ │   │ └─…3 callee(s) below 0.5%…
│ │ │   └─…1 callee(s) below 0.5%…
│ │ ├─InstantiateFunction(Acts::MeasurementHelpers::getSurface<…::variant<…>>) [1.32s, 0.88%]
│ │ │ ├─InstantiateFunction(std::visit<(lambda at /mnt/acts/Core/include/Acts/EventData/MeasurementHelpers.hpp:26:21), const …::variant<…> …>) [1.31s, 0.87%]
│ │ │ │ ├─InstantiateFunction(std::__do_visit<false, true, (lambda at /mnt/acts/Core/include/Acts/EventData/MeasurementHelpers.hpp:26:21), const …::variant<…> …>) [1.30s, 0.86%]
│ │ │ │ │ ├─InstantiateFunction(std::__detail::__variant::__gen_vtable_impl<true, …::_Multi_array<…>, …::tuple<…>, …::integer_sequence<…>>::_S_apply) [1.29s, 0.86%]
│ │ │ │ │ │ └─InstantiateFunction(…::_S_apply_all_alts<…>) [1.29s, 0.86%]
│ │ │ │ │ │   └─…63 callee(s) below 0.5%…
│ │ │ │ │ └─…3 callee(s) below 0.5%…
│ │ │ │ └─…1 callee(s) below 0.5%…
│ │ │ └─…1 callee(s) below 0.5%…
│ │ └─…420 callee(s) below 0.5%…
│ ├─Source(/mnt/acts/Core/include/Acts/EventData/Measurement.hpp) [2.31s, 1.54%]
│ │ ├─Source(/mnt/acts/Core/include/Acts/EventData/TrackParameters.hpp) [1.13s, 0.75%]
│ │ │ ├─Source(/mnt/acts/Core/include/Acts/EventData/SingleBoundTrackParameters.hpp) [950.00ms, 0.63%]
│ │ │ │ ├─Source(/mnt/acts/Core/include/Acts/EventData/SingleTrackParameters.hpp) [943.07ms, 0.63%]
│ │ │ │ │ ├─Source(/mnt/acts/Core/include/Acts/EventData/detail/coordinate_transformations.hpp) [933.71ms, 0.62%]
│ │ │ │ │ │ ├─Source(/mnt/acts/Core/include/Acts/Surfaces/Surface.hpp) [918.67ms, 0.61%]
│ │ │ │ │ │ │ └─…7 callee(s) below 0.5%…
│ │ │ │ │ │ └─…2 callee(s) below 0.5%…
│ │ │ │ │ └─…1 callee(s) below 0.5%…
│ │ │ │ └─…1 callee(s) below 0.5%…
│ │ │ └─…3 callee(s) below 0.5%…
│ │ ├─Source(/mnt/acts/Core/include/Acts/EventData/ParameterSet.hpp) [977.42ms, 0.65%]
│ │ │ ├─Source(/mnt/acts/Core/include/Acts/EventData/detail/full_parameter_set.hpp) [921.60ms, 0.61%]
│ │ │ │ ├─Source(/mnt/acts/Core/include/Acts/Utilities/ParameterDefinitions.hpp) [920.19ms, 0.61%]
│ │ │ │ │ ├─Source(/mnt/acts/Core/include/Acts/Utilities/Definitions.hpp) [909.19ms, 0.61%]
│ │ │ │ │ │ └─Source(/opt/spack/opt/spack/linux-opensuse_tumbleweed20200519-x86_64/gcc-9.3.1/eigen-3.3.7-s2ldblyijdvo5bxj6qkp3bzx6sitx3nz/include/eigen3/Eigen/Dense) [906.05ms, 0.60%]
│ │ │ │ │ │   └─…7 callee(s) below 0.5%…
│ │ │ │ │ └─…2 callee(s) below 0.5%…
│ │ │ │ └─…1 callee(s) below 0.5%…
│ │ │ └─…6 callee(s) below 0.5%…
│ │ └─…3 callee(s) below 0.5%…
│ ├─Source(/mnt/acts/Core/include/Acts/EventData/MeasurementHelpers.hpp) [2.15s, 1.43%]
│ │ ├─ParseClass(…::MinimalSourceLink) [1.66s, 1.11%]
│ │ │ └─InstantiateClass(Acts::fittable_measurement_helper<…::MinimalSourceLink>) [1.66s, 1.11%]
│ │ │   ├─InstantiateFunction(…::type_generator<…>) [1.64s, 1.09%]
│ │ │   │ ├─InstantiateFunction(…::unique_ordered_sublists<…>) [1.35s, 0.90%]
│ │ │   │ │ ├─InstantiateFunction(…::operator()<…>) [1.11s, 0.74%]
│ │ │   │ │ │ └─InstantiateFunction(…::apply<…>) [1.11s, 0.74%]
│ │ │   │ │ │   └─InstantiateFunction(boost::hana::unpack_t::operator()<const …::tuple<…> …, …::variadic_foldl1<…>>) [1.11s, 0.74%]
│ │ │   │ │ │     └─InstantiateFunction(boost::hana::unpack_impl<…>::apply<const …::tuple<…> …, …::variadic_foldl1<…>>) [1.11s, 0.74%]
│ │ │   │ │ │       └─InstantiateFunction(boost::hana::unpack_t::operator()<const …::basic_tuple<…> …, …::variadic_foldl1<…>>) [1.11s, 0.74%]
│ │ │   │ │ │         └─InstantiateFunction(…::apply<…>) [1.11s, 0.74%]
│ │ │   │ │ │           └─InstantiateFunction(…::operator()<…>) [1.11s, 0.74%]
│ │ │   │ │ │             └─InstantiateFunction(…::operator()<…>) [1.11s, 0.74%]
│ │ │   │ │ │               └─InstantiateFunction(…::apply<…>) [1.11s, 0.74%]
│ │ │   │ │ │                 └─…7 callee(s) below 0.5%…
│ │ │   │ │ └─…3 callee(s) below 0.5%…
│ │ │   │ └─…2 callee(s) below 0.5%…
│ │ │   └─…1 callee(s) below 0.5%…
│ │ └─…1 callee(s) below 0.5%…
│ ├─Source(/opt/spack/opt/spack/linux-opensuse_tumbleweed20200519-x86_64/gcc-9.3.1/boost-1.73.0-zluhmuiwzgzuu5w4gv77t3axd7d5huci/include/boost/test/unit_test.hpp) [1.64s, 1.09%]
│ │ ├─Source(/opt/spack/opt/spack/linux-opensuse_tumbleweed20200519-x86_64/gcc-9.3.1/boost-1.73.0-zluhmuiwzgzuu5w4gv77t3axd7d5huci/include/boost/test/test_tools.hpp) [1.52s, 1.01%]
│ │ │ ├─Source(/opt/spack/opt/spack/linux-opensuse_tumbleweed20200519-x86_64/gcc-9.3.1/boost-1.73.0-zluhmuiwzgzuu5w4gv77t3axd7d5huci/include/boost/test/tools/old/impl.hpp) [953.18ms, 0.63%]
│ │ │ │ └─…14 callee(s) below 0.5%…
│ │ │ └─…9 callee(s) below 0.5%…
│ │ └─…1 callee(s) below 0.5%…
│ ├─Source(/mnt/acts/Core/include/Acts/Propagator/EigenStepper.hpp) [1.40s, 0.93%]
│ │ └─…12 callee(s) below 0.5%…
│ ├─Source(/mnt/acts/Core/include/Acts/Fitter/GainMatrixSmoother.hpp) [1.11s, 0.74%]
│ │ ├─Source(/opt/spack/opt/spack/linux-opensuse_tumbleweed20200519-x86_64/gcc-9.3.1/boost-1.73.0-zluhmuiwzgzuu5w4gv77t3axd7d5huci/include/boost/range/adaptors.hpp) [886.04ms, 0.59%]
│ │ │ └─…13 callee(s) below 0.5%…
│ │ └─…6 callee(s) below 0.5%…
│ └─…53 callee(s) below 0.5%…
└─Frontend [25.74s, 17.15%]
  └─…9599 callee(s) below 0.5%…

